<?xml version="1.0" encoding="UTF-8"?>
<!-- Generated by org.testng.reporters.JUnitXMLReporter -->
<testsuite hostname="LAPTOP-T5FP080U" ignored="0" name="test" tests="10" failures="2" timestamp="26 Feb 2019 13:00:16 GMT" time="319.196" errors="0">
  <testcase name="mentshirt" time="64.369" classname="com.testpackage.HomepageMyntraTest">
    <skipped/>
  </testcase> <!-- mentshirt -->
  <testcase name="mentshirt" time="64.29" classname="com.testpackage.HomepageMyntraTest">
    <skipped/>
  </testcase> <!-- mentshirt -->
  <testcase name="mentshirt" time="64.185" classname="com.testpackage.HomepageMyntraTest">
    <skipped/>
  </testcase> <!-- mentshirt -->
  <testcase name="mentshirt" time="64.259" classname="com.testpackage.HomepageMyntraTest">
    <failure type="org.openqa.selenium.TimeoutException" message="Expected condition failed: waiting for element to be clickable: Proxy element for: DefaultElementLocator &amp;apos;By.xpath: //a[@href=&amp;apos;https://www.myntra.com/men-tshirts&amp;apos;]&amp;apos; (tried for 20 second(s) with 500 milliseconds interval)">
      <![CDATA[org.openqa.selenium.TimeoutException: Expected condition failed: waiting for element to be clickable: Proxy element for: DefaultElementLocator 'By.xpath: //a[@href='https://www.myntra.com/men-tshirts']' (tried for 20 second(s) with 500 milliseconds interval)
at org.openqa.selenium.support.ui.WebDriverWait.timeoutException(WebDriverWait.java:81)
at org.openqa.selenium.support.ui.FluentWait.until(FluentWait.java:271)
at com.qa.pages.HomepageMyntra.men_cat(HomepageMyntra.java:41)
at com.testpackage.HomepageMyntraTest.mentshirt(HomepageMyntraTest.java:47)
Caused by: org.openqa.selenium.NoSuchElementException: no such element: Unable to locate element: {"method":"xpath","selector":"//a[@href='https://www.myntra.com/men-tshirts']"}
  (Session info: chrome=72.0.3626.119)
  (Driver info: chromedriver=2.40.565498 (ea082db3280dd6843ebfb08a625e3eb905c4f5ab),platform=Windows NT 10.0.17134 x86_64) (WARNING: The server did not provide any stacktrace information)
Command duration or timeout: 0 milliseconds
For documentation on this error, please visit: http://seleniumhq.org/exceptions/no_such_element.html
Build info: version: '3.12.0', revision: '7c6e0b3', time: '2018-05-08T14:04:26.12Z'
System info: host: 'LAPTOP-T5FP080U', ip: '192.168.0.107', os.name: 'Windows 10', os.arch: 'amd64', os.version: '10.0', java.version: '1.8.0_201'
Driver info: org.openqa.selenium.chrome.ChromeDriver
Capabilities {acceptInsecureCerts: false, acceptSslCerts: false, applicationCacheEnabled: false, browserConnectionEnabled: false, browserName: chrome, chrome: {chromedriverVersion: 2.40.565498 (ea082db3280dd6..., userDataDir: C:\Users\Aniket\AppData\Loc...}, cssSelectorsEnabled: true, databaseEnabled: false, handlesAlerts: true, hasTouchScreen: false, javascriptEnabled: true, locationContextEnabled: true, mobileEmulationEnabled: false, nativeEvents: true, networkConnectionEnabled: false, pageLoadStrategy: normal, platform: XP, platformName: XP, rotatable: false, setWindowRect: true, takesHeapSnapshot: true, takesScreenshot: true, unexpectedAlertBehaviour: , unhandledPromptBehavior: , version: 72.0.3626.119, webStorageEnabled: true}
Session ID: ded859ac91355552c67b9c6ae538489b
*** Element info: {Using=xpath, value=//a[@href='https://www.myntra.com/men-tshirts']}
at org.openqa.selenium.remote.ErrorHandler.createThrowable(ErrorHandler.java:214)
at org.openqa.selenium.remote.ErrorHandler.throwIfResponseFailed(ErrorHandler.java:166)
at org.openqa.selenium.remote.http.JsonHttpResponseCodec.reconstructValue(JsonHttpResponseCodec.java:40)
at org.openqa.selenium.remote.http.AbstractHttpResponseCodec.decode(AbstractHttpResponseCodec.java:80)
at org.openqa.selenium.remote.http.AbstractHttpResponseCodec.decode(AbstractHttpResponseCodec.java:44)
at org.openqa.selenium.remote.HttpCommandExecutor.execute(HttpCommandExecutor.java:158)
at org.openqa.selenium.remote.service.DriverCommandExecutor.execute(DriverCommandExecutor.java:83)
at org.openqa.selenium.remote.RemoteWebDriver.execute(RemoteWebDriver.java:543)
at org.openqa.selenium.remote.RemoteWebDriver.findElement(RemoteWebDriver.java:317)
at org.openqa.selenium.remote.RemoteWebDriver.findElementByXPath(RemoteWebDriver.java:419)
at org.openqa.selenium.By$ByXPath.findElement(By.java:353)
at org.openqa.selenium.remote.RemoteWebDriver.findElement(RemoteWebDriver.java:309)
at org.openqa.selenium.support.pagefactory.DefaultElementLocator.findElement(DefaultElementLocator.java:69)
at org.openqa.selenium.support.pagefactory.internal.LocatingElementHandler.invoke(LocatingElementHandler.java:38)
at com.sun.proxy.$Proxy9.isDisplayed(Unknown Source)
at org.openqa.selenium.support.ui.ExpectedConditions.elementIfVisible(ExpectedConditions.java:315)
at org.openqa.selenium.support.ui.ExpectedConditions.access$100(ExpectedConditions.java:44)
at org.openqa.selenium.support.ui.ExpectedConditions$10.apply(ExpectedConditions.java:301)
at org.openqa.selenium.support.ui.ExpectedConditions$10.apply(ExpectedConditions.java:298)
at org.openqa.selenium.support.ui.ExpectedConditions$23.apply(ExpectedConditions.java:686)
at org.openqa.selenium.support.ui.ExpectedConditions$23.apply(ExpectedConditions.java:682)
at org.openqa.selenium.support.ui.FluentWait.until(FluentWait.java:248)
... 27 more
... Removed 29 stack frames]]>
    </failure>
  </testcase> <!-- mentshirt -->
  <testcase name="verify_title" time="0.027" classname="com.testpackage.HomepageMyntraTest"/>
  <testcase name="title" time="0.018" classname="com.testpackage.LoginpageMyntraTest">
    <skipped/>
  </testcase> <!-- title -->
  <testcase name="title" time="0.012" classname="com.testpackage.LoginpageMyntraTest">
    <skipped/>
  </testcase> <!-- title -->
  <testcase name="title" time="0.012" classname="com.testpackage.LoginpageMyntraTest">
    <skipped/>
  </testcase> <!-- title -->
  <testcase name="title" time="0.011" classname="com.testpackage.LoginpageMyntraTest">
    <failure type="java.lang.AssertionError" message="expected [Online Shopping for Women] but found [Online Shopping for Women, Men, Kids Fashion &amp;amp; Lifestyle - Myntra]">
      <![CDATA[java.lang.AssertionError: expected [Online Shopping for Women] but found [Online Shopping for Women, Men, Kids Fashion & Lifestyle - Myntra]
at com.testpackage.LoginpageMyntraTest.title(LoginpageMyntraTest.java:41)
... Removed 31 stack frames]]>
    </failure>
  </testcase> <!-- title -->
  <testcase name="loginmyntra" time="13.067" classname="com.testpackage.LoginpageMyntraTest"/>
</testsuite> <!-- test -->
